<?xml version="1.0" encoding="utf-8"?><testsuites name="pytest tests"><testsuite name="pytest" errors="0" failures="0" skipped="0" tests="25" time="6.635" timestamp="2026-06-25T12:57:23.258601+00:00" hostname="agent-env-9d4eedd9-ece6-4150-a307-bb171a213a3c"><testcase classname="backend.tests.test_clinique_roles.TestAuth" name="test_all_roles_login" time="2.053" /><testcase classname="backend.tests.test_clinique_roles.TestAuth" name="test_wrong_password" time="0.370" /><testcase classname="backend.tests.test_clinique_roles.TestAdmin" name="test_patients_list" time="0.120" /><testcase classname="backend.tests.test_clinique_roles.TestAdmin" name="test_users_list" time="0.100" /><testcase classname="backend.tests.test_clinique_roles.TestAdmin" name="test_services_list" time="0.092" /><testcase classname="backend.tests.test_clinique_roles.TestAdmin" name="test_create_service_and_lit" time="0.225" /><testcase classname="backend.tests.test_clinique_roles.TestAdmin" name="test_patient_detail_get" time="0.210" /><testcase classname="backend.tests.test_clinique_roles.TestMedecin" name="test_patients_visible" time="0.108" /><testcase classname="backend.tests.test_clinique_roles.TestMedecin" name="test_appointments_filtered" time="0.103" /><testcase classname="backend.tests.test_clinique_roles.TestMedecin" name="test_consultations_and_prescription_flow" time="0.530" /><testcase classname="backend.tests.test_clinique_roles.TestInfirmiere" name="test_patients" time="0.093" /><testcase classname="backend.tests.test_clinique_roles.TestInfirmiere" name="test_lits_list_and_update" time="0.307" /><testcase classname="backend.tests.test_clinique_roles.TestInfirmiere" name="test_blood_bank_donneurs_and_stock" time="0.304" /><testcase classname="backend.tests.test_clinique_roles.TestPharmacien" name="test_medicaments_list_and_create" time="0.302" /><testcase classname="backend.tests.test_clinique_roles.TestPharmacien" name="test_stocks" time="0.101" /><testcase classname="backend.tests.test_clinique_roles.TestPharmacien" name="test_prescriptions_visible" time="0.112" /><testcase classname="backend.tests.test_clinique_roles.TestComptable" name="test_factures_list" time="0.101" /><testcase classname="backend.tests.test_clinique_roles.TestComptable" name="test_stats" time="0.096" /><testcase classname="backend.tests.test_clinique_roles.TestComptable" name="test_paiement_encaisser_flow" time="0.613" /><testcase classname="backend.tests.test_clinique_roles.TestPatient" name="test_appointments_self" time="0.105" /><testcase classname="backend.tests.test_clinique_roles.TestPatient" name="test_consultations_self" time="0.106" /><testcase classname="backend.tests.test_clinique_roles.TestPatient" name="test_factures_self" time="0.112" /><testcase classname="backend.tests.test_clinique_roles.TestRBAC" name="test_patient_cannot_access_users" time="0.094" /><testcase classname="backend.tests.test_clinique_roles.TestRBAC" name="test_patient_cannot_create_facture" time="0.096" /><testcase classname="backend.tests.test_clinique_roles.TestRBAC" name="test_infirmiere_cannot_create_consultation" time="0.099" /></testsuite></testsuites>